<?xml version="1.0" encoding="UTF-8"?>
<!-- Generated by org.testng.reporters.JUnitReportReporter -->
<testsuite skipped="0" hostname="LAPTOP-JVNL5G83" name="SeleniumAssignment.InputForm.ContactUsInputFormTest" tests="1" failures="0" timestamp="09 May 2020 07:37:06 GMT" time="14.965" errors="0">
  <testcase name="fillFormTest" time="14.965" classname="SeleniumAssignment.InputForm.ContactUsInputFormTest"/>
</testsuite> <!-- SeleniumAssignment.InputForm.ContactUsInputFormTest -->
